1750049577729	geckodriver	INFO	Listening on 127.0.0.1:56479
1750049578271	mozrunner::runner	INFO	Running command: MOZ_CRASHREPORTER="1" MOZ_CRASHREPORTER_NO_REPORT="1" MOZ_CRASHREPORTER_SHUTDOWN="1" "/usr/bin/firefox" "--m ... te" "--remote-debugging-port" "32873" "--remote-allow-hosts" "localhost" "-no-remote" "-profile" "/tmp/rust_mozprofilemsRGyf"
console.warn: services.settings: Ignoring preference override of remote settings server
console.warn: services.settings: Allow by setting MOZ_REMOTE_SETTINGS_DEVTOOLS=1 in the environment
ATTENTION: default value of option mesa_glthread overridden by environment.
1750049579192	Marionette	INFO	Marionette enabled
ATTENTION: default value of option mesa_glthread overridden by environment.
1750049579356	Marionette	INFO	Listening on port 41125
WebDriver BiDi listening on ws://127.0.0.1:32873
Read port: 41125
1750049579509	RemoteAgent	WARN	TLS certificate errors will be ignored for this session
console.error: ({})
DevTools listening on ws://127.0.0.1:32873/devtools/browser/9e64eeb9-2cef-4ad1-a3c9-1a62d804c106
console.error: "update.locale" " file doesn't exist in either the application or GRE directories"
1750049610555	addons.xpi	ERROR	System addon update list error SyntaxError: XMLHttpRequest.open: 'http://%(server)s/dummy-system-addons.xml' is not a valid URL.
JavaScript warning: https://pagead2.googlesyndication.com/bg/MXxlGS5XN6Xx0pa66GHexjmB-grmPvotC2CS7R8g7aw.js, line 107: unreachable code after return statement
JavaScript warning: https://pagead2.googlesyndication.com/bg/MXxlGS5XN6Xx0pa66GHexjmB-grmPvotC2CS7R8g7aw.js, line 107: unreachable code after return statement
JavaScript warning: https://pagead2.googlesyndication.com/bg/MXxlGS5XN6Xx0pa66GHexjmB-grmPvotC2CS7R8g7aw.js, line 107: unreachable code after return statement
JavaScript warning: https://pagead2.googlesyndication.com/bg/MXxlGS5XN6Xx0pa66GHexjmB-grmPvotC2CS7R8g7aw.js, line 107: unreachable code after return statement
JavaScript warning: https://pagead2.googlesyndication.com/bg/MXxlGS5XN6Xx0pa66GHexjmB-grmPvotC2CS7R8g7aw.js, line 107: unreachable code after return statement
JavaScript warning: https://pagead2.googlesyndication.com/bg/MXxlGS5XN6Xx0pa66GHexjmB-grmPvotC2CS7R8g7aw.js line 2 > eval, line 107: unreachable code after return statement
JavaScript warning: https://pagead2.googlesyndication.com/bg/MXxlGS5XN6Xx0pa66GHexjmB-grmPvotC2CS7R8g7aw.js line 2 > eval, line 107: unreachable code after return statement
JavaScript warning: https://pagead2.googlesyndication.com/bg/MXxlGS5XN6Xx0pa66GHexjmB-grmPvotC2CS7R8g7aw.js line 2 > eval, line 107: unreachable code after return statement
JavaScript warning: https://pagead2.googlesyndication.com/bg/MXxlGS5XN6Xx0pa66GHexjmB-grmPvotC2CS7R8g7aw.js line 2 > eval, line 107: unreachable code after return statement
JavaScript warning: https://pagead2.googlesyndication.com/bg/MXxlGS5XN6Xx0pa66GHexjmB-grmPvotC2CS7R8g7aw.js line 2 > eval, line 1: unreachable code after return statement
JavaScript warning: https://pagead2.googlesyndication.com/bg/MXxlGS5XN6Xx0pa66GHexjmB-grmPvotC2CS7R8g7aw.js line 2 > eval line 107 > eval, line 1: unreachable code after return statement
JavaScript warning: https://pagead2.googlesyndication.com/bg/MXxlGS5XN6Xx0pa66GHexjmB-grmPvotC2CS7R8g7aw.js line 2 > eval line 107 > eval, line 1: unreachable code after return statement
JavaScript warning: https://pagead2.googlesyndication.com/bg/MXxlGS5XN6Xx0pa66GHexjmB-grmPvotC2CS7R8g7aw.js line 2 > eval line 107 > eval line 1 > eval, line 1: unreachable code after return statement
JavaScript warning: https://pagead2.googlesyndication.com/bg/MXxlGS5XN6Xx0pa66GHexjmB-grmPvotC2CS7R8g7aw.js line 2 > eval line 107 > eval, line 1: unreachable code after return statement
JavaScript warning: https://pagead2.googlesyndication.com/bg/MXxlGS5XN6Xx0pa66GHexjmB-grmPvotC2CS7R8g7aw.js line 2 > eval line 107 > eval line 1 > eval, line 1: unreachable code after return statement
JavaScript warning: https://pagead2.googlesyndication.com/bg/MXxlGS5XN6Xx0pa66GHexjmB-grmPvotC2CS7R8g7aw.js line 2 > eval, line 107: unreachable code after return statement
JavaScript warning: https://pagead2.googlesyndication.com/bg/MXxlGS5XN6Xx0pa66GHexjmB-grmPvotC2CS7R8g7aw.js line 2 > eval line 107 > eval line 1 > eval, line 1: unreachable code after return statement
JavaScript warning: https://pagead2.googlesyndication.com/bg/MXxlGS5XN6Xx0pa66GHexjmB-grmPvotC2CS7R8g7aw.js line 2 > eval line 107 > eval line 1 > eval, line 1: unreachable code after return statement
JavaScript warning: https://pagead2.googlesyndication.com/bg/MXxlGS5XN6Xx0pa66GHexjmB-grmPvotC2CS7R8g7aw.js line 2 > eval line 107 > eval line 1 > eval, line 1: unreachable code after return statement
JavaScript warning: https://pagead2.googlesyndication.com/bg/MXxlGS5XN6Xx0pa66GHexjmB-grmPvotC2CS7R8g7aw.js line 2 > eval line 107 > eval line 1 > eval line 1 > eval, line 1: unreachable code after return statement
JavaScript warning: https://pagead2.googlesyndication.com/bg/MXxlGS5XN6Xx0pa66GHexjmB-grmPvotC2CS7R8g7aw.js line 2 > eval line 107 > eval line 1 > eval line 1 > eval, line 1: unreachable code after return statement
JavaScript warning: https://pagead2.googlesyndication.com/bg/MXxlGS5XN6Xx0pa66GHexjmB-grmPvotC2CS7R8g7aw.js line 2 > eval line 107 > eval line 1 > eval line 1 > eval, line 1: unreachable code after return statement
JavaScript warning: https://static.cloudflareinsights.com/beacon.min.js/vcd15cbe7772f49c399c6a5babf22c1241717689176015, line 1: Script terminated by timeout at:
104/T/<@https://static.cloudflareinsights.com/beacon.min.js/vcd15cbe7772f49c399c6a5babf22c1241717689176015:1:11646
t@https://static.cloudflareinsights.com/beacon.min.js/vcd15cbe7772f49c399c6a5babf22c1241717689176015:1:11507

1750049955536	Marionette	INFO	Stopped listening on port 41125
